2025-07-26T12:00:00Z,scale_up,7
2025-07-26T12:05:00Z,scale_down,6
{"timestamp": "2025-07-26T12:02:00Z", "status": "HEALTHY", "node_count": 7}
2025-07-26T12:15:00Z,scale_up,7
2025-07-26T12:20:00Z,scale_down,6
{"timestamp": "2025-07-26T12:17:00Z", "status": "HEALTHY", "node_count": 7}
2025-07-26T12:30:00Z,scale_up,7
2025-07-26T12:35:00Z,scale_down,6
{"timestamp": "2025-07-26T12:32:00Z", "status": "UNHEALTHY", "node_count": 7}
2025-07-26T12:45:00Z,scale_up,7
2025-07-26T12:50:00Z,scale_down,6
{"timestamp": "2025-07-26T12:47:00Z", "status": "HEALTHY", "node_count": 7}
2025-07-26T13:00:00Z,scale_up,8
2025-07-26T13:05:00Z,scale_down,7
{"timestamp": "2025-07-26T13:02:00Z", "status": "HEALTHY", "node_count": 8}
2025-07-26T13:15:00Z,scale_up,8
2025-07-26T13:20:00Z,scale_down,7
{"timestamp": "2025-07-26T13:17:00Z", "status": "HEALTHY", "node_count": 8}
2025-07-26T13:30:00Z,scale_up,8
2025-07-26T13:35:00Z,scale_down,7
{"timestamp": "2025-07-26T13:32:00Z", "status": "UNHEALTHY", "node_count": 8}
2025-07-26T13:45:00Z,scale_up,8
2025-07-26T13:50:00Z,scale_down,7
{"timestamp": "2025-07-26T13:47:00Z", "status": "HEALTHY", "node_count": 8}
MALFORMED LINE WITHOUT PROPER FORMAT
{invalid_json: true}
