2025-08-09T10:00:01.404Z [user-service] request_id=17df10aea124 DEBUG Processed request successfully
2025-08-09T10:00:02.374Z [gateway] request_id=688e340abb77 DEBUG Processed request successfully
2025-08-09T10:00:03.038Z [gateway] request_id=66b821374973 INFO User logged in
2025-08-09T10:00:04.092Z [order-service] request_id=513d8c3c7b5e DEBUG User logged in
2025-08-09T10:00:05.970Z [gateway] request_id=e8afba653c57 INFO Latency p95=486ms
2025-08-09T10:00:18.599Z [order-service] request_id=dfe2ea5394a6 WARN Processed request successfully
2025-08-09T10:00:21.120Z payment-service {"level":"INFO","service":"payment-service","msg":"Connected to upstream","req_id":"72784ebaff37","user_id":3363}
2025-08-09T10:00:16.573Z [gateway] request_id=8f7ac1c4cc66 DEBUG Retrying request
2025-08-09T10:00:27.654Z [gateway] request_id=b62cb6a4a420 INFO Refreshing token
2025-08-09T10:00:30.064Z [gateway] request_id=5caa0b70961f ERROR Payment declined for card ending 4242
2025-08-09T10:00:11.508Z [gateway] request_id=da9b05b9a78d DEBUG Queue depth: 219
2025-08-09T10:00:24.599Z [user-service] request_id=da50c8a42325 WARN Refreshing token
2025-08-09T10:00:13.715Z [payment-service] request_id=1d7ca4d3a085 INFO Cache miss; fetching from DB
2025-08-09T10:00:14.524Z user-service {"level":"WARN","service":"user-service","msg":"Wrote 14 records","req_id":"fb009b42b67e","user_id":2199}
2025-08-09T10:00:15.775Z [inventory] request_id=e7b20b4463de WARN Retrying request
2025-08-09T10:00:32.040Z [inventory] request_id=b97881ea411f DEBUG Cache miss; fetching from DB
2025-08-09T10:00:51.808Z [gateway] request_id=16e06d23b358 WARN Refreshing token
2025-08-09T10:00:54.508Z [user-service] request_id=6a467712585f DEBUG Wrote 14 records
2025-08-09T10:00:38.485Z [order-service] request_id=1c6738416c40 DEBUG Cache miss; fetching from DB
2025-08-09T10:01:00.317Z [auth] request_id=0ae834449e3d ERROR Kafka consumer lag exceeded threshold
2025-08-09T10:00:42.172Z user-service {"level":"DEBUG","service":"user-service","msg":"Refreshing token","req_id":"43749037a7ad","user_id":8564}
2025-08-09T10:00:22.505Z [gateway] request_id=cb4844e2a9b2 INFO Health check OK
2025-08-09T10:00:23.756Z [user-service] request_id=faced496d92b INFO User logged in
2025-08-09T10:00:24.170Z [inventory] request_id=6381e565ae36 WARN User logged in
2025-08-09T10:00:25.838Z [user-service] request_id=937bfb551c5f WARN Queue depth: 143
2025-08-09T10:00:52.367Z [auth] request_id=a175dfdc8b1c DEBUG User logged in
2025-08-09T10:00:27.084Z [payment-service] request_id=374bc0bc8fd4 INFO Retrying request
2025-08-09T10:00:56.004Z auth {"level":"WARN","service":"auth","msg":"Latency p95=94ms","req_id":"1ab053350e59","user_id":5304}
2025-08-09T10:00:58.547Z [payment-service] request_id=791b0fa4a531 WARN Latency p95=290ms
2025-08-09T10:00:30.707Z [user-service] request_id=5bda81bf1698 ERROR Payment declined for card ending 4242
2025-08-09T10:01:33.817Z [inventory] request_id=0693bd95ecf8 DEBUG User logged in
2025-08-09T10:01:04.106Z [inventory] request_id=2fb35330a971 WARN User logged in
2025-08-09T10:00:33.213Z [payment-service] request_id=1b35a862e531 WARN Retrying request
2025-08-09T10:01:42.053Z [user-service] request_id=63ac3c75f2aa INFO Processed request successfully
2025-08-09T10:00:35.628Z payment-service {"level":"WARN","service":"payment-service","msg":"Latency p95=14ms","req_id":"4df6ed805c96","user_id":2152}
2025-08-09T10:00:36.649Z [inventory] request_id=20a0ed93e828 WARN Refreshing token
2025-08-09T10:01:14.125Z [user-service] request_id=7c4b1ce026ac INFO Wrote 14 records
2025-08-09T10:01:16.319Z [inventory] request_id=76759a1ccaad INFO Retrying request
2025-08-09T10:01:18.758Z [auth] request_id=7747c327b220 WARN Wrote 14 records
2025-08-09T10:00:40.528Z [auth] request_id=fcc78f75aee1 ERROR Payment declined for card ending 4242
2025-08-09T10:02:03.370Z [payment-service] request_id=9b7eb4d0d062 INFO Queue depth: 469
2025-08-09T10:02:06.375Z order-service {"level":"DEBUG","service":"order-service","msg":"Cache miss; fetching from DB","req_id":"07cb006aa14a","user_id":5278}
2025-08-09T10:01:26.790Z [payment-service] request_id=e4bb0c8b797c INFO Queue depth: 278
2025-08-09T10:01:28.651Z [gateway] request_id=336b22c5a0e7 INFO Latency p95=416ms
2025-08-09T10:00:45.837Z [payment-service] request_id=2a00d846bdd4 WARN Health check OK
2025-08-09T10:01:32.364Z [gateway] request_id=f61ed6c94056 DEBUG Processed request successfully
2025-08-09T10:01:34.265Z [user-service] request_id=71cd93ffea72 INFO Latency p95=490ms
2025-08-09T10:01:36.827Z [user-service] request_id=daf729abf385 DEBUG Refreshing token
2025-08-09T10:01:38.209Z user-service {"level":"INFO","service":"user-service","msg":"Health check OK","req_id":"007cb9f63f0b","user_id":4222}
2025-08-09T10:02:30.921Z [inventory] request_id=37fd5c5e3394 ERROR Payment declined for card ending 4242
Traceback (most recent call last):
  File "/srv/app/handlers.py", line 42, in handle
    result = process()
Exception: upstream timeout
2025-08-09T10:02:33.352Z [inventory] request_id=bdfdeb01de06 DEBUG Cache miss; fetching from DB
2025-08-09T10:00:52.931Z [auth] request_id=d7aaabf70ee1 WARN Health check OK
2025-08-09T10:01:46.808Z [payment-service] request_id=de59aebed78b DEBUG Refreshing token
2025-08-09T10:01:48.474Z [auth] request_id=81c22be8b0d2 WARN Cache miss; fetching from DB
2025-08-09T10:00:55.130Z [payment-service] request_id=c952f73f1eff INFO Retrying request
2025-08-09T10:00:56.561Z inventory {"level":"DEBUG","service":"inventory","msg":"Latency p95=243ms","req_id":"bd3cc41e1299","user_id":6741}
2025-08-09T10:00:57.021Z [gateway] request_id=a27daf93327f INFO Cache miss; fetching from DB
2025-08-09T10:00:58.444Z [auth] request_id=5db292f5526e INFO Health check OK
2025-08-09T10:00:59.299Z [user-service] request_id=ea4a554a76bb DEBUG Health check OK
2025-08-09T10:02:00.265Z [gateway] request_id=c59163d53ec8 ERROR 502 Bad Gateway from upstream
2025-08-09T10:01:01.931Z [payment-service] request_id=d70388dea6f9 DEBUG Refreshing token
2025-08-09T10:03:06.597Z [inventory] request_id=9c96095b8104 DEBUG User logged in
2025-08-09T10:02:06.795Z gateway {"level":"INFO","service":"gateway","msg":"Queue depth: 262","req_id":"255856d2b0df","user_id":1306}
2025-08-09T10:03:12.004Z [payment-service] request_id=3e78568c79fd INFO Retrying request
2025-08-09T10:03:15.742Z [inventory] request_id=94fbce15cdd9 INFO Queue depth: 32
2025-08-09T10:03:18.530Z [user-service] request_id=cb47ea6a8666 DEBUG Queue depth: 248
2025-08-09T10:03:21.058Z [order-service] request_id=bbad6df90d77 INFO Health check OK
2025-08-09T10:01:08.519Z [order-service] request_id=7180cb5039c6 WARN Queue depth: 15
2025-08-09T10:02:18.333Z [order-service] request_id=bc80a31fccd9 DEBUG Queue depth: 311
2025-08-09T10:01:10.709Z [gateway] request_id=4e4bd876a94d ERROR Database deadlock on orders table
2025-08-09T10:03:33.546Z [inventory] request_id=89196c22522f WARN Queue depth: 483
2025-08-09T10:03:36.535Z [payment-service] request_id=ec05ede0c593 WARN Queue depth: 458
2025-08-09T10:02:26.140Z [payment-service] request_id=d748760f5068 WARN Cache miss; fetching from DB
2025-08-09T10:02:28.074Z [inventory] request_id=bf7fd83a6e35 DEBUG Health check OK
2025-08-09T10:01:15.685Z [order-service] request_id=faa87e11f340 WARN Cache miss; fetching from DB
2025-08-09T10:03:48.658Z [payment-service] request_id=9f9fcde912d8 DEBUG Refreshing token
2025-08-09T10:02:34.906Z user-service {"level":"WARN","service":"user-service","msg":"Health check OK","req_id":"67d2e28c9ede","user_id":2542}
2025-08-09T10:01:18.683Z [inventory] request_id=e4a9cd929d6d INFO Retrying request
2025-08-09T10:03:57.413Z [inventory] request_id=2ecb78916c6b WARN User logged in
2025-08-09T10:02:40.094Z [user-service] request_id=47694cc19bff ERROR CircuitBreaker open for payment-service
2025-08-09T10:02:42.567Z [order-service] request_id=574220114802 WARN Wrote 14 records
2025-08-09T10:02:44.339Z [order-service] request_id=2f338aee729e DEBUG Latency p95=152ms
2025-08-09T10:01:23.115Z [gateway] request_id=b334987ffc8e INFO Cache miss; fetching from DB
2025-08-09T10:02:48.869Z user-service {"level":"INFO","service":"user-service","msg":"Connected to upstream","req_id":"f40ba188a008","user_id":3122}
2025-08-09T10:02:50.415Z [auth] request_id=4aa499f59d3b INFO Queue depth: 471
2025-08-09T10:04:18.506Z [gateway] request_id=b898af57ad9d DEBUG Refreshing token
2025-08-09T10:01:27.818Z [user-service] request_id=454dc715b9ae DEBUG Retrying request
2025-08-09T10:02:56.960Z [order-service] request_id=c54a078e0c51 INFO Cache miss; fetching from DB
2025-08-09T10:01:29.622Z [user-service] request_id=dd1011004313 INFO Cache miss; fetching from DB
2025-08-09T10:03:00.011Z [order-service] request_id=c9a7ba3a232f ERROR CircuitBreaker open for payment-service
2025-08-09T10:04:33.726Z gateway {"level":"WARN","service":"gateway","msg":"Latency p95=67ms","req_id":"f03c98967b7d","user_id":1707}
2025-08-09T10:01:32.992Z [payment-service] request_id=6d5cdd769ce0 INFO Connected to upstream
2025-08-09T10:01:33.954Z [payment-service] request_id=c164e081d238 WARN Connected to upstream
2025-08-09T10:03:08.456Z [payment-service] request_id=40cc7a73cb2a DEBUG Retrying request
2025-08-09T10:01:35.256Z [user-service] request_id=15a48af02bc9 INFO Processed request successfully
2025-08-09T10:04:48.564Z [auth] request_id=49e599a88d73 INFO Queue depth: 244
2025-08-09T10:03:14.108Z [payment-service] request_id=eca84ec1b54a DEBUG User logged in
2025-08-09T10:01:38.350Z inventory {"level":"WARN","service":"inventory","msg":"Queue depth: 158","req_id":"f68c0af82948","user_id":4525}
2025-08-09T10:04:57.746Z [payment-service] request_id=874e7ad4e2fb DEBUG Retrying request
2025-08-09T10:01:40.857Z [user-service] request_id=e7e6c80798b5 ERROR NullReferenceException at /v1/users
Traceback (most recent call last):
  File "/srv/app/handlers.py", line 42, in handle
    result = process()
Exception: upstream timeout
2025-08-09T10:01:41.640Z [order-service] request_id=e8a301857491 DEBUG Connected to upstream
2025-08-09T10:01:42.086Z [payment-service] request_id=2729c43031b0 DEBUG User logged in
2025-08-09T10:05:09.994Z [gateway] request_id=c1bf364c0ff3 WARN Latency p95=125ms
2025-08-09T10:03:28.046Z [auth] request_id=e2e2d577122c WARN Retrying request
2025-08-09T10:05:15.331Z user-service {"level":"WARN","service":"user-service","msg":"Refreshing token","req_id":"3dd26206945a","user_id":6389}
2025-08-09T10:01:46.988Z [payment-service] request_id=add77dbe2a44 WARN Health check OK
2025-08-09T10:01:47.343Z [payment-service] request_id=51a907edb24f WARN Cache miss; fetching from DB
2025-08-09T10:05:24.671Z [user-service] request_id=ec78a9249273 INFO Health check OK
2025-08-09T10:01:49.270Z [order-service] request_id=4eb8a16bca49 INFO Retrying request
2025-08-09T10:01:50.403Z [gateway] request_id=56036846d6c2 ERROR Payment declined for card ending 4242
2025-08-09T10:03:42.644Z [user-service] request_id=8962f042e4d1 INFO Cache miss; fetching from DB
2025-08-09T10:05:36.506Z gateway {"level":"DEBUG","service":"gateway","msg":"Latency p95=200ms","req_id":"5b8eff45d4d9","user_id":6343}
2025-08-09T10:03:46.741Z [payment-service] request_id=fc992c7950da DEBUG Retrying request
2025-08-09T10:05:42.642Z [auth] request_id=cd6b8d6c0182 WARN Queue depth: 72
2025-08-09T10:05:45.582Z [gateway] request_id=469a01ab0632 INFO Latency p95=409ms
2025-08-09T10:05:48.979Z [auth] request_id=43065909c00e DEBUG Health check OK
2025-08-09T10:01:57.136Z [order-service] request_id=ecf655f14d77 DEBUG Refreshing token
2025-08-09T10:03:56.855Z [order-service] request_id=3dec0aab2015 WARN Queue depth: 26
2025-08-09T10:01:59.467Z auth {"level":"DEBUG","service":"auth","msg":"Health check OK","req_id":"7dd626d42554","user_id":5321}
2025-08-09T10:06:00.954Z [order-service] request_id=143a3e7451be ERROR Timeout reaching upstream inventory
2025-08-09T10:06:03.067Z [auth] request_id=4711abb4d055 DEBUG Wrote 14 records
2025-08-09T10:04:04.240Z [order-service] request_id=659bf94315b1 DEBUG Health check OK
2025-08-09T10:06:09.999Z [auth] request_id=884d9db5a9db WARN Wrote 14 records
2025-08-09T10:02:04.490Z [inventory] request_id=e50c12f7269a DEBUG Connected to upstream
2025-08-09T10:06:15.647Z [order-service] request_id=afb657b42a02 DEBUG Health check OK
2025-08-09T10:02:06.493Z gateway {"level":"WARN","service":"gateway","msg":"Connected to upstream","req_id":"b359751980cb","user_id":3186}
2025-08-09T10:04:14.275Z [order-service] request_id=45eabf6ecfef DEBUG Cache miss; fetching from DB
2025-08-09T10:06:24.501Z [payment-service] request_id=9eb1d6741167 WARN Queue depth: 147
2025-08-09T10:04:18.477Z [inventory] request_id=79635b2da9b5 INFO Queue depth: 103
2025-08-09T10:02:10.958Z [user-service] request_id=1f90f226615d ERROR Kafka consumer lag exceeded threshold
2025-08-09T10:04:22.469Z [order-service] request_id=735ffa9b087b INFO Queue depth: 496
2025-08-09T10:04:24.396Z [inventory] request_id=8e6d65187734 INFO Health check OK
2025-08-09T10:02:13.617Z gateway {"level":"DEBUG","service":"gateway","msg":"Queue depth: 135","req_id":"1f39dbf4bd38","user_id":6890}
2025-08-09T10:06:42.286Z [auth] request_id=47764f85dfb2 INFO Refreshing token
2025-08-09T10:04:30.403Z [inventory] request_id=52974a87526d INFO Retrying request
2025-08-09T10:06:48.461Z [inventory] request_id=fb87b3b91477 WARN Connected to upstream
2025-08-09T10:04:34.352Z [payment-service] request_id=19a495faf041 WARN Refreshing token
2025-08-09T10:02:18.332Z [user-service] request_id=8d56c1d9cc82 WARN User logged in
2025-08-09T10:06:57.012Z [payment-service] request_id=6a75f2b25dea DEBUG Connected to upstream
2025-08-09T10:02:20.402Z [user-service] request_id=b7ce63ba7137 ERROR 502 Bad Gateway from upstream
2025-08-09T10:02:21.369Z [gateway] request_id=22c16b609e2e WARN Connected to upstream
2025-08-09T10:04:44.104Z [order-service] request_id=68bce3bc9757 INFO Connected to upstream
2025-08-09T10:02:23.994Z [payment-service] request_id=27a28becd4c5 WARN User logged in
2025-08-09T10:02:24.791Z [user-service] request_id=5376dd55f1c9 WARN User logged in
2025-08-09T10:07:15.409Z [order-service] request_id=b15c90fe63d8 DEBUG Queue depth: 105
2025-08-09T10:02:26.050Z [auth] request_id=e479ac2082b9 DEBUG User logged in
2025-08-09T10:02:27.483Z gateway {"level":"WARN","service":"gateway","msg":"Wrote 14 records","req_id":"04425ac0ec17","user_id":3085}
2025-08-09T10:04:56.288Z [inventory] request_id=869710ba1aa4 WARN Connected to upstream
2025-08-09T10:07:27.266Z [auth] request_id=84dafe022cd7 WARN Health check OK
2025-08-09T10:07:30.684Z [inventory] request_id=8b380a690e47 ERROR 502 Bad Gateway from upstream
Traceback (most recent call last):
  File "/srv/app/handlers.py", line 42, in handle
    result = process()
Exception: upstream timeout
2025-08-09T10:02:31.658Z [order-service] request_id=108fdaf5b7f2 INFO Cache miss; fetching from DB
2025-08-09T10:05:04.563Z [gateway] request_id=244afd7f676d INFO Wrote 14 records
2025-08-09T10:05:06.437Z [user-service] request_id=222ed439d29c INFO Queue depth: 99
2025-08-09T10:02:34.377Z payment-service {"level":"WARN","service":"payment-service","msg":"Queue depth: 47","req_id":"4d3aa842213e","user_id":6231}
2025-08-09T10:07:45.206Z [user-service] request_id=74d938fce695 INFO User logged in
2025-08-09T10:07:48.536Z [inventory] request_id=02d762b26a6e INFO User logged in
2025-08-09T10:02:37.510Z [user-service] request_id=143ff54894f1 WARN Latency p95=496ms
2025-08-09T10:02:38.703Z [user-service] request_id=932c92ec7e4b DEBUG Queue depth: 323
2025-08-09T10:02:39.277Z [payment-service] request_id=c6256ca7fb0a INFO User logged in
2025-08-09T10:05:20.442Z [auth] request_id=8634696881f6 ERROR Database deadlock on orders table
2025-08-09T10:02:41.074Z order-service {"level":"WARN","service":"order-service","msg":"Wrote 14 records","req_id":"200441ed828c","user_id":9025}
2025-08-09T10:08:06.875Z [inventory] request_id=71d23d375343 WARN Wrote 14 records
2025-08-09T10:02:43.158Z [order-service] request_id=1398fd270de3 INFO Queue depth: 498
2025-08-09T10:02:44.964Z [auth] request_id=3d219b9754c1 DEBUG Wrote 14 records
2025-08-09T10:02:45.001Z [gateway] request_id=f2fc554af0af INFO Health check OK
2025-08-09T10:08:18.732Z [order-service] request_id=3b4b2ddc946e WARN Retrying request
2025-08-09T10:08:21.651Z [user-service] request_id=995e72384c54 WARN Cache miss; fetching from DB
2025-08-09T10:02:48.809Z order-service {"level":"DEBUG","service":"order-service","msg":"Health check OK","req_id":"2fe1508c461e","user_id":5274}
2025-08-09T10:02:49.010Z [gateway] request_id=270a49103a01 DEBUG Connected to upstream
2025-08-09T10:05:40.660Z [user-service] request_id=300a30ef5b62 ERROR Failed to parse JSON body
2025-08-09T10:08:33.240Z [inventory] request_id=638cebd3a796 DEBUG Health check OK
2025-08-09T10:08:36.665Z [inventory] request_id=bb79c0ea7381 WARN Processed request successfully
2025-08-09T10:05:46.906Z [payment-service] request_id=39764f02118c DEBUG User logged in
2025-08-09T10:02:54.683Z [user-service] request_id=47e30636c846 WARN Refreshing token
2025-08-09T10:02:55.006Z inventory {"level":"WARN","service":"inventory","msg":"User logged in","req_id":"701394910d82","user_id":7493}
2025-08-09T10:08:48.865Z [user-service] request_id=e67fa2a74f00 DEBUG Cache miss; fetching from DB
2025-08-09T10:02:57.319Z [inventory] request_id=557d59b2d20e INFO Health check OK
2025-08-09T10:05:56.778Z [payment-service] request_id=f47c04984258 WARN Cache miss; fetching from DB
2025-08-09T10:05:58.624Z [gateway] request_id=ae0bf071fd6a INFO Health check OK
2025-08-09T10:09:00.057Z [inventory] request_id=45b31e3b52bf ERROR NullReferenceException at /v1/users
2025-08-09T10:03:01.218Z [inventory] request_id=db9001acef1e INFO Latency p95=73ms
2025-08-09T10:09:06.904Z inventory {"level":"INFO","service":"inventory","msg":"Retrying request","req_id":"7fef0862d623","user_id":8366}
2025-08-09T10:09:09.115Z [user-service] request_id=82bb07a20b66 INFO Retrying request
2025-08-09T10:03:04.668Z [payment-service] request_id=22896d44396f DEBUG Wrote 14 records
2025-08-09T10:09:15.742Z [user-service] request_id=748e16b15f95 WARN Refreshing token
2025-08-09T10:03:06.111Z [inventory] request_id=2b90de9eae29 INFO Cache miss; fetching from DB
2025-08-09T10:06:14.430Z [order-service] request_id=dc0618aa0b4c INFO Queue depth: 494
2025-08-09T10:06:16.365Z [payment-service] request_id=bd6c1a90171e WARN User logged in
2025-08-09T10:03:09.331Z order-service {"level":"INFO","service":"order-service","msg":"Refreshing token","req_id":"8bcbdf69d2fe","user_id":8312}
2025-08-09T10:09:30.918Z [user-service] request_id=0c65780fdee8 ERROR Kafka consumer lag exceeded threshold
2025-08-09T10:09:33.420Z [order-service] request_id=19586c0e4be5 INFO User logged in
2025-08-09T10:03:12.475Z [inventory] request_id=b9acd28d2ed6 INFO Processed request successfully
2025-08-09T10:09:39.064Z [payment-service] request_id=469e4afaf780 DEBUG Refreshing token
2025-08-09T10:06:28.980Z [user-service] request_id=650be9aea7a0 DEBUG Processed request successfully
2025-08-09T10:09:45.706Z [auth] request_id=46f66d79facf WARN Connected to upstream
2025-08-09T10:03:16.486Z order-service {"level":"DEBUG","service":"order-service","msg":"Cache miss; fetching from DB","req_id":"5938b0631da4","user_id":4831}
2025-08-09T10:06:34.976Z [auth] request_id=17526357e5cd WARN Connected to upstream
2025-08-09T10:06:36.135Z [inventory] request_id=7d461c96dcbc WARN Retrying request
2025-08-09T10:06:38.842Z [auth] request_id=8d9e6fdc9b07 DEBUG Retrying request
2025-08-09T10:06:40.881Z [payment-service] request_id=d677efcebb17 ERROR CircuitBreaker open for payment-service
Traceback (most recent call last):
  File "/srv/app/handlers.py", line 42, in handle
    result = process()
Exception: upstream timeout
2025-08-09T10:06:42.802Z [inventory] request_id=b8c8b1a052ba DEBUG Cache miss; fetching from DB
2025-08-09T10:06:44.770Z [payment-service] request_id=027cf985d710 INFO Health check OK
2025-08-09T10:03:23.436Z order-service {"level":"WARN","service":"order-service","msg":"Queue depth: 279","req_id":"a90d27de45c7","user_id":6337}
2025-08-09T10:03:24.271Z [order-service] request_id=3dbb34f57be6 DEBUG Cache miss; fetching from DB
2025-08-09T10:06:50.510Z [order-service] request_id=78c538e12066 DEBUG Wrote 14 records
2025-08-09T10:03:26.426Z [payment-service] request_id=b7162b106ee1 WARN Latency p95=457ms
2025-08-09T10:03:27.765Z [auth] request_id=93627034589c DEBUG Cache miss; fetching from DB
2025-08-09T10:06:56.286Z [user-service] request_id=f697143e2558 DEBUG Connected to upstream
2025-08-09T10:10:27.266Z [user-service] request_id=dec2ac7b2afa INFO Wrote 14 records
2025-08-09T10:03:30.241Z [payment-service] request_id=71d026fe76dc ERROR NullReferenceException at /v1/users
2025-08-09T10:10:33.192Z [user-service] request_id=1b5e6b73ce29 WARN Cache miss; fetching from DB
2025-08-09T10:03:32.519Z [user-service] request_id=44e99b38bb87 DEBUG Health check OK
2025-08-09T10:10:39.475Z [order-service] request_id=78ccda94d58c INFO Cache miss; fetching from DB
2025-08-09T10:03:34.860Z [inventory] request_id=1e01fb3b99bb WARN Refreshing token
2025-08-09T10:03:35.122Z [user-service] request_id=bf6aedc842e6 INFO Health check OK
2025-08-09T10:03:36.952Z [gateway] request_id=869b9f593628 INFO Refreshing token
2025-08-09T10:03:37.038Z payment-service {"level":"WARN","service":"payment-service","msg":"Processed request successfully","req_id":"29dac9e39fb5","user_id":6729}
2025-08-09T10:07:16.144Z [user-service] request_id=e3eb7096073f INFO Health check OK
2025-08-09T10:10:57.749Z [order-service] request_id=12034bc9cb57 DEBUG Health check OK
2025-08-09T10:07:20.418Z [order-service] request_id=53cae2878496 ERROR CircuitBreaker open for payment-service
2025-08-09T10:11:03.319Z [payment-service] request_id=48fa650186c6 INFO Health check OK
2025-08-09T10:11:06.495Z [inventory] request_id=be76c25e87b6 INFO User logged in
2025-08-09T10:11:09.563Z [inventory] request_id=6b2b1de70484 INFO Queue depth: 47
2025-08-09T10:11:12.314Z auth {"level":"DEBUG","service":"auth","msg":"Connected to upstream","req_id":"acb54a72e37f","user_id":5641}
2025-08-09T10:03:45.319Z [inventory] request_id=598876da90b8 DEBUG Latency p95=453ms
2025-08-09T10:07:32.426Z [user-service] request_id=24d975c8c564 INFO Refreshing token
2025-08-09T10:07:34.745Z [payment-service] request_id=b9e80a35bc93 WARN Health check OK
2025-08-09T10:07:36.923Z [order-service] request_id=046f70ce5e4c INFO User logged in
2025-08-09T10:07:38.591Z [order-service] request_id=3f6ecd7d2042 WARN Wrote 14 records
2025-08-09T10:03:50.015Z [payment-service] request_id=2668916b316b ERROR Payment declined for card ending 4242
2025-08-09T10:11:33.516Z gateway {"level":"WARN","service":"gateway","msg":"Cache miss; fetching from DB","req_id":"1bfc77ba2d96","user_id":7075}
2025-08-09T10:03:52.356Z [payment-service] request_id=b33f73e3d5e5 WARN Retrying request
2025-08-09T10:03:53.111Z [payment-service] request_id=436a37eb2533 WARN Wrote 14 records
2025-08-09T10:07:48.129Z [payment-service] request_id=0df53dbd445d INFO Wrote 14 records
2025-08-09T10:11:45.948Z [order-service] request_id=493e11e2e2d4 DEBUG User logged in
2025-08-09T10:11:48.704Z [auth] request_id=9daad9658f34 INFO Health check OK
2025-08-09T10:11:51.866Z [inventory] request_id=451b6030e9b7 INFO Wrote 14 records
2025-08-09T10:07:56.126Z gateway {"level":"WARN","service":"gateway","msg":"Queue depth: 81","req_id":"8fcfd846bce6","user_id":7284}
2025-08-09T10:03:59.993Z [payment-service] request_id=dce894f765b5 DEBUG Health check OK
2025-08-09T10:12:00.039Z [gateway] request_id=eb83748244e2 ERROR CircuitBreaker open for payment-service
2025-08-09T10:08:02.613Z [order-service] request_id=b183fd47bcb7 WARN Queue depth: 435
2025-08-09T10:08:04.664Z [auth] request_id=8fa0c11cfb1f WARN Connected to upstream
2025-08-09T10:08:06.398Z [payment-service] request_id=ea4d80d5982f DEBUG Refreshing token
2025-08-09T10:08:08.183Z [gateway] request_id=9e98c11335e1 INFO Processed request successfully
2025-08-09T10:04:05.829Z inventory {"level":"WARN","service":"inventory","msg":"Latency p95=400ms","req_id":"3d8edabc1f0d","user_id":8508}
2025-08-09T10:08:12.109Z [inventory] request_id=3fc82c4ff544 INFO Retrying request
2025-08-09T10:08:14.093Z [inventory] request_id=b15e3588fbc3 WARN Queue depth: 262
2025-08-09T10:04:08.041Z [auth] request_id=bc902b44efaa DEBUG Retrying request
2025-08-09T10:08:18.796Z [auth] request_id=3b436c00d27c DEBUG Queue depth: 41
2025-08-09T10:12:30.916Z [order-service] request_id=583ccd416798 ERROR 502 Bad Gateway from upstream
Traceback (most recent call last):
  File "/srv/app/handlers.py", line 42, in handle
    result = process()
Exception: upstream timeout
2025-08-09T10:04:11.026Z [auth] request_id=823db8d1bd3c INFO Latency p95=375ms
2025-08-09T10:12:36.807Z auth {"level":"INFO","service":"auth","msg":"Wrote 14 records","req_id":"bcdd159ea0be","user_id":3705}
2025-08-09T10:04:13.067Z [auth] request_id=9aa6d1466748 WARN Latency p95=388ms
2025-08-09T10:04:14.331Z [user-service] request_id=49c1b8904543 DEBUG Connected to upstream
2025-08-09T10:04:15.260Z [inventory] request_id=eb0ef96e1365 DEBUG Wrote 14 records
2025-08-09T10:08:32.630Z [gateway] request_id=6fc75c2a6eea DEBUG Health check OK
2025-08-09T10:04:17.203Z [user-service] request_id=f336334f74ef INFO User logged in
2025-08-09T10:08:36.695Z [auth] request_id=728a26c8060f WARN User logged in
2025-08-09T10:08:38.568Z user-service {"level":"DEBUG","service":"user-service","msg":"Processed request successfully","req_id":"2987d88d1e7b","user_id":6894}
2025-08-09T10:13:00.705Z [gateway] request_id=1f27ac0aaf5d ERROR Timeout reaching upstream inventory
2025-08-09T10:13:03.644Z [user-service] request_id=49d71b0e8f25 WARN Refreshing token
2025-08-09T10:08:44.591Z [inventory] request_id=28c2a4e08af6 INFO Refreshing token
2025-08-09T10:08:46.235Z [order-service] request_id=ffca17975039 INFO Latency p95=381ms
2025-08-09T10:08:48.839Z [order-service] request_id=4699ca033935 DEBUG Connected to upstream
2025-08-09T10:13:15.950Z [auth] request_id=9c4d92ffa6cb DEBUG Refreshing token
2025-08-09T10:08:52.524Z order-service {"level":"INFO","service":"order-service","msg":"Retrying request","req_id":"c052a0014b71","user_id":8081}
2025-08-09T10:04:27.135Z [user-service] request_id=b85d79e944b9 WARN Health check OK
2025-08-09T10:04:28.022Z [auth] request_id=ed165e1636b4 INFO Processed request successfully
2025-08-09T10:08:58.108Z [user-service] request_id=660fc6bbf8f3 DEBUG Refreshing token
2025-08-09T10:09:00.597Z [payment-service] request_id=578d9d354c08 ERROR Database deadlock on orders table
2025-08-09T10:04:31.209Z [gateway] request_id=60e008e80071 WARN Latency p95=425ms
2025-08-09T10:04:32.137Z [inventory] request_id=364a0abd8534 INFO Health check OK
2025-08-09T10:09:06.831Z payment-service {"level":"INFO","service":"payment-service","msg":"Retrying request","req_id":"9c15be46f9a3","user_id":5419}
2025-08-09T10:04:34.057Z [user-service] request_id=ae7da2a9b9a3 DEBUG Queue depth: 458
2025-08-09T10:13:45.661Z [user-service] request_id=f3aede1afb64 DEBUG Wrote 14 records
2025-08-09T10:13:48.504Z [gateway] request_id=10d9948f8509 INFO Retrying request
2025-08-09T10:04:37.063Z [order-service] request_id=ce8567e36c22 DEBUG Processed request successfully
2025-08-09T10:04:38.163Z [payment-service] request_id=7d44711f9a2d INFO Cache miss; fetching from DB
2025-08-09T10:13:57.672Z [gateway] request_id=bad4b4cb3d0b INFO Retrying request
2025-08-09T10:14:00.622Z [payment-service] request_id=f80d0304466f ERROR 502 Bad Gateway from upstream
2025-08-09T10:04:41.520Z [gateway] request_id=d7f7de302a69 WARN Cache miss; fetching from DB
2025-08-09T10:04:42.910Z [auth] request_id=35fdd06348af DEBUG Wrote 14 records
2025-08-09T10:04:43.384Z [gateway] request_id=a8f99c8ad86a WARN Wrote 14 records
2025-08-09T10:14:12.463Z [auth] request_id=5758f5c4cf39 INFO Health check OK
2025-08-09T10:04:45.659Z [user-service] request_id=c57a8cdeab18 INFO Cache miss; fetching from DB
2025-08-09T10:14:18.965Z [auth] request_id=225b68ac3c67 WARN Processed request successfully
2025-08-09T10:09:34.657Z auth {"level":"WARN","service":"auth","msg":"Queue depth: 498","req_id":"a3f462a98c72","user_id":5346}
2025-08-09T10:04:48.901Z [payment-service] request_id=12570da14d0c DEBUG Processed request successfully
2025-08-09T10:04:49.861Z [user-service] request_id=3e5fca44bfff DEBUG Health check OK
2025-08-09T10:14:30.936Z [payment-service] request_id=9cdb27b2d11a ERROR CircuitBreaker open for payment-service
2025-08-09T10:09:42.336Z [payment-service] request_id=9c6154f1584b DEBUG Health check OK
2025-08-09T10:14:36.681Z [auth] request_id=126d731ea847 DEBUG Wrote 14 records
2025-08-09T10:14:39.006Z [gateway] request_id=8f886c7efd82 INFO User logged in
2025-08-09T10:14:42.932Z auth {"level":"WARN","service":"auth","msg":"Health check OK","req_id":"c315f9251d3c","user_id":2274}
2025-08-09T10:04:55.033Z [payment-service] request_id=3bd669341c01 INFO Cache miss; fetching from DB
2025-08-09T10:04:56.353Z [gateway] request_id=b28fb9bf46e0 INFO Processed request successfully
2025-08-09T10:04:57.709Z [order-service] request_id=38e1e9efd1a6 DEBUG Processed request successfully
2025-08-09T10:14:54.047Z [order-service] request_id=40d51b95ab5e INFO Latency p95=391ms
2025-08-09T10:04:59.837Z [user-service] request_id=4f7bbdd0dfe2 DEBUG Cache miss; fetching from DB
2025-08-09T10:10:00.109Z [auth] request_id=1c8c07a3759e ERROR Failed to parse JSON body
Traceback (most recent call last):
  File "/srv/app/handlers.py", line 42, in handle
    result = process()
Exception: upstream timeout
